<?xml version="1.0" encoding="UTF-8"?>
<testng-results ignored="0" total="1" passed="1" failed="0" skipped="0">
  <reporter-output>
  </reporter-output>
  <suite started-at="2022-07-15T09:54:14 IST" name="SampleSuite" finished-at="2022-07-15T09:54:26 IST" duration-ms="11883">
    <groups>
    </groups>
    <test started-at="2022-07-15T09:54:14 IST" name="SampleTest" finished-at="2022-07-15T09:54:26 IST" duration-ms="11883">
      <class name="com.practice.SeleniumTest.SampleTest">
        <test-method signature="createInstance()[pri:0, instance:com.practice.SeleniumTest.SampleTest@ea6147e]" started-at="2022-07-15T09:54:14 IST" name="createInstance" finished-at="2022-07-15T09:54:26 IST" duration-ms="11857" status="PASS">
          <reporter-output>
          </reporter-output>
        </test-method> <!-- createInstance -->
      </class> <!-- com.practice.SeleniumTest.SampleTest -->
    </test> <!-- SampleTest -->
  </suite> <!-- SampleSuite -->
</testng-results>
